<?xml version="1.0" encoding="UTF-8" ?>
<testsuite tests="1" failures="0" name="mybatis.simple.test.CountryMapperTest" time="0.291" errors="1" skipped="0">
  <properties>
[...]
</properties>
  <testcase classname="mybatis.simple.test.CountryMapperTest" name="mybatis.simple.test.CountryMapperTest" time="0.291">
    <error message="
### Error building SqlSession.
### The error may exist in mybatis/simper/mapper/CountryMapper.xml
### Cause: org.apache.ibatis.builder.BuilderException: Error parsing SQL Mapper Configuration. Cause: java.io.IOException: Could not find resource mybatis/simper/mapper/CountryMapper.xml" type="org.apache.ibatis.exceptions.PersistenceException">org.apache.ibatis.exceptions.PersistenceException: 
### Error building SqlSession.
### The error may exist in mybatis/simper/mapper/CountryMapper.xml
### Cause: org.apache.ibatis.builder.BuilderException: Error parsing SQL Mapper Configuration. Cause: java.io.IOException: Could not find resource mybatis/simper/mapper/CountryMapper.xml
	at org.apache.ibatis.exceptions.ExceptionFactory.wrapException(ExceptionFactory.java:30)
	at org.apache.ibatis.session.SqlSessionFactoryBuilder.build(SqlSessionFactoryBuilder.java:54)
	at org.apache.ibatis.session.SqlSessionFactoryBuilder.build(SqlSessionFactoryBuilder.java:38)
	at mybatis.simple.test.CountryMapperTest.init(CountryMapperTest.java:26)
	at sun.reflect.NativeMethodAccessorImpl.invoke0(Native Method)
	at sun.reflect.NativeMethodAccessorImpl.invoke(Unknown Source)
	at sun.reflect.DelegatingMethodAccessorImpl.invoke(Unknown Source)
	at java.lang.reflect.Method.invoke(Unknown Source)
	at org.junit.runners.model.FrameworkMethod$1.runReflectiveCall(FrameworkMethod.java:50)
	at org.junit.internal.runners.model.ReflectiveCallable.run(ReflectiveCallable.java:12)
	at org.junit.runners.model.FrameworkMethod.invokeExplosively(FrameworkMethod.java:47)
	at org.junit.internal.runners.statements.RunBefores.evaluate(RunBefores.java:24)
	at org.junit.runners.ParentRunner.run(ParentRunner.java:363)
	at org.apache.maven.surefire.junit4.JUnit4Provider.execute(JUnit4Provider.java:252)
	at org.apache.maven.surefire.junit4.JUnit4Provider.executeTestSet(JUnit4Provider.java:141)
	at org.apache.maven.surefire.junit4.JUnit4Provider.invoke(JUnit4Provider.java:112)
	at sun.reflect.NativeMethodAccessorImpl.invoke0(Native Method)
	at sun.reflect.NativeMethodAccessorImpl.invoke(Unknown Source)
	at sun.reflect.DelegatingMethodAccessorImpl.invoke(Unknown Source)
	at java.lang.reflect.Method.invoke(Unknown Source)
	at org.apache.maven.surefire.util.ReflectionUtils.invokeMethodWithArray(ReflectionUtils.java:189)
	at org.apache.maven.surefire.booter.ProviderFactory$ProviderProxy.invoke(ProviderFactory.java:165)
	at org.apache.maven.surefire.booter.ProviderFactory.invokeProvider(ProviderFactory.java:85)
	at org.apache.maven.surefire.booter.ForkedBooter.runSuitesInProcess(ForkedBooter.java:115)
	at org.apache.maven.surefire.booter.ForkedBooter.main(ForkedBooter.java:75)
Caused by: org.apache.ibatis.builder.BuilderException: Error parsing SQL Mapper Configuration. Cause: java.io.IOException: Could not find resource mybatis/simper/mapper/CountryMapper.xml
	at org.apache.ibatis.builder.xml.XMLConfigBuilder.parseConfiguration(XMLConfigBuilder.java:115)
	at org.apache.ibatis.builder.xml.XMLConfigBuilder.parse(XMLConfigBuilder.java:95)
	at org.apache.ibatis.session.SqlSessionFactoryBuilder.build(SqlSessionFactoryBuilder.java:52)
	... 23 more
Caused by: java.io.IOException: Could not find resource mybatis/simper/mapper/CountryMapper.xml
	at org.apache.ibatis.io.Resources.getResourceAsStream(Resources.java:114)
	at org.apache.ibatis.io.Resources.getResourceAsStream(Resources.java:100)
	at org.apache.ibatis.builder.xml.XMLConfigBuilder.mapperElement(XMLConfigBuilder.java:338)
	at org.apache.ibatis.builder.xml.XMLConfigBuilder.parseConfiguration(XMLConfigBuilder.java:113)
	... 25 more
</error>
    <system-out>1111111
2017-09-29 15:47:14,743 [main] DEBUG [org.apache.ibatis.logging.LogFactory] - Logging initialized using &apos;class org.apache.ibatis.logging.slf4j.Slf4jImpl&apos; adapter.
2017-09-29 15:47:14,795 [main] DEBUG [org.apache.ibatis.io.ResolverUtil] - Class not found: org.jboss.vfs.VFS
2017-09-29 15:47:14,795 [main] DEBUG [org.apache.ibatis.io.ResolverUtil] - JBoss 6 VFS API is not available in this environment.
2017-09-29 15:47:14,796 [main] DEBUG [org.apache.ibatis.io.ResolverUtil] - Class not found: org.jboss.vfs.VirtualFile
2017-09-29 15:47:14,796 [main] DEBUG [org.apache.ibatis.io.ResolverUtil] - VFS implementation org.apache.ibatis.io.JBoss6VFS is not valid in this environment.
2017-09-29 15:47:14,797 [main] DEBUG [org.apache.ibatis.io.ResolverUtil] - Using VFS adapter org.apache.ibatis.io.DefaultVFS
2017-09-29 15:47:14,797 [main] DEBUG [org.apache.ibatis.io.ResolverUtil] - Find JAR URL: file:/C:/Users/happen/workspace/alex/target/classes/mybatis/simple/model
2017-09-29 15:47:14,797 [main] DEBUG [org.apache.ibatis.io.ResolverUtil] - Not a JAR: file:/C:/Users/happen/workspace/alex/target/classes/mybatis/simple/model
2017-09-29 15:47:14,828 [main] DEBUG [org.apache.ibatis.io.ResolverUtil] - Reader entry: Country.class
2017-09-29 15:47:14,829 [main] DEBUG [org.apache.ibatis.io.ResolverUtil] - Listing file:/C:/Users/happen/workspace/alex/target/classes/mybatis/simple/model
2017-09-29 15:47:14,829 [main] DEBUG [org.apache.ibatis.io.ResolverUtil] - Find JAR URL: file:/C:/Users/happen/workspace/alex/target/classes/mybatis/simple/model/Country.class
2017-09-29 15:47:14,829 [main] DEBUG [org.apache.ibatis.io.ResolverUtil] - Not a JAR: file:/C:/Users/happen/workspace/alex/target/classes/mybatis/simple/model/Country.class
2017-09-29 15:47:14,830 [main] DEBUG [org.apache.ibatis.io.ResolverUtil] - Reader entry: ����&amp;#0;&amp;#0;&amp;#0;4&amp;#0;&lt;&amp;#7;&amp;#0;&amp;#2;&amp;#1;&amp;#0;&amp;#28;mybatis/simple/model/Country&amp;#7;&amp;#0;&amp;#4;&amp;#1;&amp;#0;&amp;#16;java/lang/Object&amp;#1;&amp;#0;&amp;#2;id&amp;#1;&amp;#0;&amp;#16;Ljava/lang/Long;&amp;#1;&amp;#0;&amp;#11;countryname&amp;#1;&amp;#0;&amp;#18;Ljava/lang/String;&amp;#1;&amp;#0;&amp;#11;countrycode&amp;#1;&amp;#0;&amp;#6;&lt;init&gt;&amp;#1;&amp;#0;&amp;#3;()V&amp;#1;&amp;#0;&amp;#4;Code
2017-09-29 15:47:14,830 [main] DEBUG [org.apache.ibatis.io.ResolverUtil] - Checking to see if class mybatis.simple.model.Country matches criteria [is assignable to Object]
2017-09-29 15:47:14,848 [main] DEBUG [org.apache.ibatis.logging.LogFactory] - Logging initialized using &apos;class org.apache.ibatis.logging.log4j.Log4jImpl&apos; adapter.
2017-09-29 15:47:14,861 [main] DEBUG [org.apache.ibatis.datasource.pooled.PooledDataSource] - PooledDataSource forcefully closed/removed all connections.
2017-09-29 15:47:14,861 [main] DEBUG [org.apache.ibatis.datasource.pooled.PooledDataSource] - PooledDataSource forcefully closed/removed all connections.
2017-09-29 15:47:14,861 [main] DEBUG [org.apache.ibatis.datasource.pooled.PooledDataSource] - PooledDataSource forcefully closed/removed all connections.
2017-09-29 15:47:14,861 [main] DEBUG [org.apache.ibatis.datasource.pooled.PooledDataSource] - PooledDataSource forcefully closed/removed all connections.
</system-out>
  </testcase>
</testsuite>